Analysis & Synthesis report for SCOMP
Fri Nov 14 10:52:38 2025
Quartus Prime Version 24.1std.0 Build 1077 03/04/2025 SC Lite Edition


---------------------
; Table of Contents ;
---------------------
  1. Legal Notice
  2. Analysis & Synthesis Summary
  3. Analysis & Synthesis Settings
  4. Parallel Compilation
  5. Analysis & Synthesis IP Cores Summary
  6. Analysis & Synthesis Messages



----------------
; Legal Notice ;
----------------
Copyright (C) 2025  Altera Corporation. All rights reserved.
Your use of Altera Corporation's design tools, logic functions 
and other software and tools, and any partner logic 
functions, and any output files from any of the foregoing 
(including device programming or simulation files), and any 
associated documentation or information are expressly subject 
to the terms and conditions of the Altera Program License 
Subscription Agreement, the Altera Quartus Prime License Agreement,
the Altera IP License Agreement, or other applicable license
agreement, including, without limitation, that your use is for
the sole purpose of programming logic devices manufactured by
Altera and sold by Altera or its authorized distributors.  Please
refer to the Altera Software License Subscription Agreements 
on the Quartus Prime software download page.



+-------------------------------------------------------------------------------+
; Analysis & Synthesis Summary                                                  ;
+-----------------------------+-------------------------------------------------+
; Analysis & Synthesis Status ; Failed - Fri Nov 14 10:52:38 2025               ;
; Quartus Prime Version       ; 24.1std.0 Build 1077 03/04/2025 SC Lite Edition ;
; Revision Name               ; SCOMP                                           ;
; Top-level Entity Name       ; SCOMP_System                                    ;
; Family                      ; Cyclone V                                       ;
; Logic utilization (in ALMs) ; N/A until Partition Merge                       ;
; Total registers             ; N/A until Partition Merge                       ;
; Total pins                  ; N/A until Partition Merge                       ;
; Total virtual pins          ; N/A until Partition Merge                       ;
; Total block memory bits     ; N/A until Partition Merge                       ;
; Total PLLs                  ; N/A until Partition Merge                       ;
; Total DLLs                  ; N/A until Partition Merge                       ;
+-----------------------------+-------------------------------------------------+


+---------------------------------------------------------------------------------------------------------------------------+
; Analysis & Synthesis Settings                                                                                             ;
+---------------------------------------------------------------------------------+--------------------+--------------------+
; Option                                                                          ; Setting            ; Default Value      ;
+---------------------------------------------------------------------------------+--------------------+--------------------+
; Device                                                                          ; 5CSXFC6D6F31C6     ;                    ;
; Top-level entity name                                                           ; SCOMP_System       ; SCOMP              ;
; Family name                                                                     ; Cyclone V          ; Cyclone V          ;
; Maximum processors allowed for parallel compilation                             ; All                ;                    ;
; Use smart compilation                                                           ; Off                ; Off                ;
; Enable parallel Assembler and Timing Analyzer during compilation                ; On                 ; On                 ;
; Enable compact report table                                                     ; Off                ; Off                ;
; Restructure Multiplexers                                                        ; Auto               ; Auto               ;
; MLAB Add Timing Constraints For Mixed-Port Feed-Through Mode Setting Don't Care ; Off                ; Off                ;
; Create Debugging Nodes for IP Cores                                             ; Off                ; Off                ;
; Preserve fewer node names                                                       ; On                 ; On                 ;
; Intel FPGA IP Evaluation Mode                                                   ; Enable             ; Enable             ;
; Verilog Version                                                                 ; Verilog_2001       ; Verilog_2001       ;
; VHDL Version                                                                    ; VHDL_1993          ; VHDL_1993          ;
; State Machine Processing                                                        ; Auto               ; Auto               ;
; Safe State Machine                                                              ; Off                ; Off                ;
; Extract Verilog State Machines                                                  ; On                 ; On                 ;
; Extract VHDL State Machines                                                     ; On                 ; On                 ;
; Ignore Verilog initial constructs                                               ; Off                ; Off                ;
; Iteration limit for constant Verilog loops                                      ; 5000               ; 5000               ;
; Iteration limit for non-constant Verilog loops                                  ; 250                ; 250                ;
; Add Pass-Through Logic to Inferred RAMs                                         ; On                 ; On                 ;
; Infer RAMs from Raw Logic                                                       ; On                 ; On                 ;
; Parallel Synthesis                                                              ; On                 ; On                 ;
; DSP Block Balancing                                                             ; Auto               ; Auto               ;
; NOT Gate Push-Back                                                              ; On                 ; On                 ;
; Power-Up Don't Care                                                             ; On                 ; On                 ;
; Remove Redundant Logic Cells                                                    ; Off                ; Off                ;
; Remove Duplicate Registers                                                      ; On                 ; On                 ;
; Ignore CARRY Buffers                                                            ; Off                ; Off                ;
; Ignore CASCADE Buffers                                                          ; Off                ; Off                ;
; Ignore GLOBAL Buffers                                                           ; Off                ; Off                ;
; Ignore ROW GLOBAL Buffers                                                       ; Off                ; Off                ;
; Ignore LCELL Buffers                                                            ; Off                ; Off                ;
; Ignore SOFT Buffers                                                             ; On                 ; On                 ;
; Limit AHDL Integers to 32 Bits                                                  ; Off                ; Off                ;
; Optimization Technique                                                          ; Balanced           ; Balanced           ;
; Carry Chain Length                                                              ; 70                 ; 70                 ;
; Auto Carry Chains                                                               ; On                 ; On                 ;
; Auto Open-Drain Pins                                                            ; On                 ; On                 ;
; Perform WYSIWYG Primitive Resynthesis                                           ; Off                ; Off                ;
; Auto ROM Replacement                                                            ; On                 ; On                 ;
; Auto RAM Replacement                                                            ; On                 ; On                 ;
; Auto DSP Block Replacement                                                      ; On                 ; On                 ;
; Auto Shift Register Replacement                                                 ; Auto               ; Auto               ;
; Allow Shift Register Merging across Hierarchies                                 ; Auto               ; Auto               ;
; Auto Clock Enable Replacement                                                   ; On                 ; On                 ;
; Strict RAM Replacement                                                          ; Off                ; Off                ;
; Allow Synchronous Control Signals                                               ; On                 ; On                 ;
; Force Use of Synchronous Clear Signals                                          ; Off                ; Off                ;
; Auto Resource Sharing                                                           ; Off                ; Off                ;
; Allow Any RAM Size For Recognition                                              ; Off                ; Off                ;
; Allow Any ROM Size For Recognition                                              ; Off                ; Off                ;
; Allow Any Shift Register Size For Recognition                                   ; Off                ; Off                ;
; Use LogicLock Constraints during Resource Balancing                             ; On                 ; On                 ;
; Ignore translate_off and synthesis_off directives                               ; Off                ; Off                ;
; Timing-Driven Synthesis                                                         ; On                 ; On                 ;
; Report Parameter Settings                                                       ; On                 ; On                 ;
; Report Source Assignments                                                       ; On                 ; On                 ;
; Report Connectivity Checks                                                      ; On                 ; On                 ;
; Ignore Maximum Fan-Out Assignments                                              ; Off                ; Off                ;
; Synchronization Register Chain Length                                           ; 3                  ; 3                  ;
; Power Optimization During Synthesis                                             ; Normal compilation ; Normal compilation ;
; HDL message level                                                               ; Level2             ; Level2             ;
; Suppress Register Optimization Related Messages                                 ; Off                ; Off                ;
; Number of Removed Registers Reported in Synthesis Report                        ; 5000               ; 5000               ;
; Number of Swept Nodes Reported in Synthesis Report                              ; 5000               ; 5000               ;
; Number of Inverted Registers Reported in Synthesis Report                       ; 100                ; 100                ;
; Clock MUX Protection                                                            ; On                 ; On                 ;
; Auto Gated Clock Conversion                                                     ; Off                ; Off                ;
; Block Design Naming                                                             ; Auto               ; Auto               ;
; SDC constraint protection                                                       ; Off                ; Off                ;
; Synthesis Effort                                                                ; Auto               ; Auto               ;
; Shift Register Replacement - Allow Asynchronous Clear Signal                    ; On                 ; On                 ;
; Pre-Mapping Resynthesis Optimization                                            ; Off                ; Off                ;
; Analysis & Synthesis Message Level                                              ; Medium             ; Medium             ;
; Disable Register Merging Across Hierarchies                                     ; Auto               ; Auto               ;
; Resource Aware Inference For Block RAM                                          ; On                 ; On                 ;
; Automatic Parallel Synthesis                                                    ; On                 ; On                 ;
; Partial Reconfiguration Bitstream ID                                            ; Off                ; Off                ;
+---------------------------------------------------------------------------------+--------------------+--------------------+


+------------------------------------------+
; Parallel Compilation                     ;
+----------------------------+-------------+
; Processors                 ; Number      ;
+----------------------------+-------------+
; Number detected on machine ; 8           ;
; Maximum allowed            ; 8           ;
;                            ;             ;
; Average used               ; 1.00        ;
; Maximum used               ; 1           ;
;                            ;             ;
; Usage by Processor         ; % Time Used ;
;     Processor 1            ; 100.0%      ;
+----------------------------+-------------+


+----------------------------------------------------------------------------------------------------------------+
; Analysis & Synthesis IP Cores Summary                                                                          ;
+--------+--------------+---------+--------------+--------------+------------------------------+-----------------+
; Vendor ; IP Core Name ; Version ; Release Date ; License Type ; Entity Instance              ; IP Include File ;
+--------+--------------+---------+--------------+--------------+------------------------------+-----------------+
; Altera ; altera_pll   ; 24.1    ; N/A          ; N/A          ; |SCOMP_System|PLL_main:inst1 ; PLL_main.vhd    ;
+--------+--------------+---------+--------------+--------------+------------------------------+-----------------+


+-------------------------------+
; Analysis & Synthesis Messages ;
+-------------------------------+
Info: *******************************************************************
Info: Running Quartus Prime Analysis & Synthesis
    Info: Version 24.1std.0 Build 1077 03/04/2025 SC Lite Edition
    Info: Processing started: Fri Nov 14 10:52:26 2025
Info: Command: quartus_map --read_settings_files=on --write_settings_files=off SCOMP -c SCOMP
Info (20030): Parallel compilation is enabled and will use 8 of the 8 processors detected
Info (12021): Found 2 design units, including 1 entities, in source file hex_disp.vhd
    Info (12022): Found design unit 1: HEX_DISP-a File: C:/GIthub Repos/2031Lab7G3Project/HEX_DISP.vhd Line: 17
    Info (12023): Found entity 1: HEX_DISP File: C:/GIthub Repos/2031Lab7G3Project/HEX_DISP.vhd Line: 9
Info (12021): Found 2 design units, including 1 entities, in source file dig_out.vhd
    Info (12022): Found design unit 1: DIG_OUT-a File: C:/GIthub Repos/2031Lab7G3Project/DIG_OUT.vhd Line: 26
    Info (12023): Found entity 1: DIG_OUT File: C:/GIthub Repos/2031Lab7G3Project/DIG_OUT.vhd Line: 16
Info (12021): Found 2 design units, including 1 entities, in source file dig_in.vhd
    Info (12022): Found design unit 1: DIG_IN-a File: C:/GIthub Repos/2031Lab7G3Project/DIG_IN.vhd Line: 20
    Info (12023): Found entity 1: DIG_IN File: C:/GIthub Repos/2031Lab7G3Project/DIG_IN.vhd Line: 11
Info (12021): Found 2 design units, including 1 entities, in source file clk_div.vhd
    Info (12022): Found design unit 1: clk_div-a File: C:/GIthub Repos/2031Lab7G3Project/clk_div.vhd Line: 26
    Info (12023): Found entity 1: clk_div File: C:/GIthub Repos/2031Lab7G3Project/clk_div.vhd Line: 11
Info (12021): Found 2 design units, including 1 entities, in source file timer.vhd
    Info (12022): Found design unit 1: TIMER-a File: C:/GIthub Repos/2031Lab7G3Project/TIMER.vhd Line: 29
    Info (12023): Found entity 1: TIMER File: C:/GIthub Repos/2031Lab7G3Project/TIMER.vhd Line: 17
Info (12021): Found 2 design units, including 1 entities, in source file scomp.vhd
    Info (12022): Found design unit 1: SCOMP-a File: C:/GIthub Repos/2031Lab7G3Project/SCOMP.vhd Line: 33
    Info (12023): Found entity 1: SCOMP File: C:/GIthub Repos/2031Lab7G3Project/SCOMP.vhd Line: 16
Info (12021): Found 1 design units, including 1 entities, in source file scomp_system.bdf
    Info (12023): Found entity 1: SCOMP_System
Info (12021): Found 1 design units, including 1 entities, in source file hex_disp_6.bdf
    Info (12023): Found entity 1: HEX_DISP_6
Info (12021): Found 2 design units, including 1 entities, in source file pll_main.vhd
    Info (12022): Found design unit 1: PLL_main-rtl File: C:/GIthub Repos/2031Lab7G3Project/PLL_main.vhd Line: 20
    Info (12023): Found entity 1: PLL_main File: C:/GIthub Repos/2031Lab7G3Project/PLL_main.vhd Line: 11
Info (12021): Found 1 design units, including 1 entities, in source file pll_main/pll_main_0002.v
    Info (12023): Found entity 1: PLL_main_0002 File: C:/GIthub Repos/2031Lab7G3Project/PLL_main/PLL_main_0002.v Line: 2
Info (12127): Elaborating entity "SCOMP_System" for the top level hierarchy
Info (12128): Elaborating entity "HEX_DISP_6" for hierarchy "HEX_DISP_6:inst9"
Info (12128): Elaborating entity "HEX_DISP" for hierarchy "HEX_DISP_6:inst9|HEX_DISP:inst1"
Info (12128): Elaborating entity "PLL_main" for hierarchy "PLL_main:inst1"
Info (12128): Elaborating entity "PLL_main_0002" for hierarchy "PLL_main:inst1|PLL_main_0002:pll_main_inst" File: C:/GIthub Repos/2031Lab7G3Project/PLL_main.vhd Line: 32
Info (12128): Elaborating entity "altera_pll" for hierarchy "PLL_main:inst1|PLL_main_0002:pll_main_inst|altera_pll:altera_pll_i" File: C:/GIthub Repos/2031Lab7G3Project/PLL_main/PLL_main_0002.v Line: 85
Info (10008): Verilog HDL or VHDL information: EDA Netlist Writer cannot regroup multidimensional array "wire_to_nowhere_64" into its bus
Info (12130): Elaborated megafunction instantiation "PLL_main:inst1|PLL_main_0002:pll_main_inst|altera_pll:altera_pll_i" File: C:/GIthub Repos/2031Lab7G3Project/PLL_main/PLL_main_0002.v Line: 85
Info (12133): Instantiated megafunction "PLL_main:inst1|PLL_main_0002:pll_main_inst|altera_pll:altera_pll_i" with the following parameter: File: C:/GIthub Repos/2031Lab7G3Project/PLL_main/PLL_main_0002.v Line: 85
    Info (12134): Parameter "fractional_vco_multiplier" = "false"
    Info (12134): Parameter "reference_clock_frequency" = "50.0 MHz"
    Info (12134): Parameter "operation_mode" = "direct"
    Info (12134): Parameter "number_of_clocks" = "1"
    Info (12134): Parameter "output_clock_frequency0" = "10.000000 MHz"
    Info (12134): Parameter "phase_shift0" = "0 ps"
    Info (12134): Parameter "duty_cycle0" = "50"
    Info (12134): Parameter "output_clock_frequency1" = "0 MHz"
    Info (12134): Parameter "phase_shift1" = "0 ps"
    Info (12134): Parameter "duty_cycle1" = "50"
    Info (12134): Parameter "output_clock_frequency2" = "0 MHz"
    Info (12134): Parameter "phase_shift2" = "0 ps"
    Info (12134): Parameter "duty_cycle2" = "50"
    Info (12134): Parameter "output_clock_frequency3" = "0 MHz"
    Info (12134): Parameter "phase_shift3" = "0 ps"
    Info (12134): Parameter "duty_cycle3" = "50"
    Info (12134): Parameter "output_clock_frequency4" = "0 MHz"
    Info (12134): Parameter "phase_shift4" = "0 ps"
    Info (12134): Parameter "duty_cycle4" = "50"
    Info (12134): Parameter "output_clock_frequency5" = "0 MHz"
    Info (12134): Parameter "phase_shift5" = "0 ps"
    Info (12134): Parameter "duty_cycle5" = "50"
    Info (12134): Parameter "output_clock_frequency6" = "0 MHz"
    Info (12134): Parameter "phase_shift6" = "0 ps"
    Info (12134): Parameter "duty_cycle6" = "50"
    Info (12134): Parameter "output_clock_frequency7" = "0 MHz"
    Info (12134): Parameter "phase_shift7" = "0 ps"
    Info (12134): Parameter "duty_cycle7" = "50"
    Info (12134): Parameter "output_clock_frequency8" = "0 MHz"
    Info (12134): Parameter "phase_shift8" = "0 ps"
    Info (12134): Parameter "duty_cycle8" = "50"
    Info (12134): Parameter "output_clock_frequency9" = "0 MHz"
    Info (12134): Parameter "phase_shift9" = "0 ps"
    Info (12134): Parameter "duty_cycle9" = "50"
    Info (12134): Parameter "output_clock_frequency10" = "0 MHz"
    Info (12134): Parameter "phase_shift10" = "0 ps"
    Info (12134): Parameter "duty_cycle10" = "50"
    Info (12134): Parameter "output_clock_frequency11" = "0 MHz"
    Info (12134): Parameter "phase_shift11" = "0 ps"
    Info (12134): Parameter "duty_cycle11" = "50"
    Info (12134): Parameter "output_clock_frequency12" = "0 MHz"
    Info (12134): Parameter "phase_shift12" = "0 ps"
    Info (12134): Parameter "duty_cycle12" = "50"
    Info (12134): Parameter "output_clock_frequency13" = "0 MHz"
    Info (12134): Parameter "phase_shift13" = "0 ps"
    Info (12134): Parameter "duty_cycle13" = "50"
    Info (12134): Parameter "output_clock_frequency14" = "0 MHz"
    Info (12134): Parameter "phase_shift14" = "0 ps"
    Info (12134): Parameter "duty_cycle14" = "50"
    Info (12134): Parameter "output_clock_frequency15" = "0 MHz"
    Info (12134): Parameter "phase_shift15" = "0 ps"
    Info (12134): Parameter "duty_cycle15" = "50"
    Info (12134): Parameter "output_clock_frequency16" = "0 MHz"
    Info (12134): Parameter "phase_shift16" = "0 ps"
    Info (12134): Parameter "duty_cycle16" = "50"
    Info (12134): Parameter "output_clock_frequency17" = "0 MHz"
    Info (12134): Parameter "phase_shift17" = "0 ps"
    Info (12134): Parameter "duty_cycle17" = "50"
    Info (12134): Parameter "pll_type" = "General"
    Info (12134): Parameter "pll_subtype" = "General"
Info (12128): Elaborating entity "SCOMP" for hierarchy "SCOMP:inst"
Info (12128): Elaborating entity "altsyncram" for hierarchy "SCOMP:inst|altsyncram:altsyncram_component" File: C:/GIthub Repos/2031Lab7G3Project/SCOMP.vhd Line: 63
Info (12130): Elaborated megafunction instantiation "SCOMP:inst|altsyncram:altsyncram_component" File: C:/GIthub Repos/2031Lab7G3Project/SCOMP.vhd Line: 63
Info (12133): Instantiated megafunction "SCOMP:inst|altsyncram:altsyncram_component" with the following parameter: File: C:/GIthub Repos/2031Lab7G3Project/SCOMP.vhd Line: 63
    Info (12134): Parameter "address_aclr_a" = "UNUSED"
    Info (12134): Parameter "address_aclr_b" = "NONE"
    Info (12134): Parameter "address_reg_b" = "CLOCK1"
    Info (12134): Parameter "byte_size" = "8"
    Info (12134): Parameter "byteena_aclr_a" = "UNUSED"
    Info (12134): Parameter "byteena_aclr_b" = "NONE"
    Info (12134): Parameter "byteena_reg_b" = "CLOCK1"
    Info (12134): Parameter "clock_enable_core_a" = "USE_INPUT_CLKEN"
    Info (12134): Parameter "clock_enable_core_b" = "USE_INPUT_CLKEN"
    Info (12134): Parameter "clock_enable_input_a" = "BYPASS"
    Info (12134): Parameter "clock_enable_input_b" = "NORMAL"
    Info (12134): Parameter "clock_enable_output_a" = "BYPASS"
    Info (12134): Parameter "clock_enable_output_b" = "NORMAL"
    Info (12134): Parameter "intended_device_family" = "CYCLONE V"
    Info (12134): Parameter "ecc_pipeline_stage_enabled" = "FALSE"
    Info (12134): Parameter "enable_ecc" = "FALSE"
    Info (12134): Parameter "implement_in_les" = "OFF"
    Info (12134): Parameter "indata_aclr_a" = "UNUSED"
    Info (12134): Parameter "indata_aclr_b" = "NONE"
    Info (12134): Parameter "indata_reg_b" = "CLOCK1"
    Info (12134): Parameter "init_file" = "IODemo.mif"
    Info (12134): Parameter "init_file_layout" = "PORT_A"
    Info (12134): Parameter "maximum_depth" = "0"
    Info (12134): Parameter "numwords_a" = "2048"
    Info (12134): Parameter "numwords_b" = "0"
    Info (12134): Parameter "operation_mode" = "SINGLE_PORT"
    Info (12134): Parameter "outdata_aclr_a" = "NONE"
    Info (12134): Parameter "outdata_aclr_b" = "NONE"
    Info (12134): Parameter "outdata_reg_a" = "UNREGISTERED"
    Info (12134): Parameter "outdata_reg_b" = "UNREGISTERED"
    Info (12134): Parameter "power_up_uninitialized" = "FALSE"
    Info (12134): Parameter "ram_block_type" = "AUTO"
    Info (12134): Parameter "rdcontrol_aclr_b" = "NONE"
    Info (12134): Parameter "rdcontrol_reg_b" = "CLOCK1"
    Info (12134): Parameter "read_during_write_mode_mixed_ports" = "DONT_CARE"
    Info (12134): Parameter "read_during_write_mode_port_a" = "NEW_DATA_NO_NBE_READ"
    Info (12134): Parameter "read_during_write_mode_port_b" = "NEW_DATA_NO_NBE_READ"
    Info (12134): Parameter "stratixiv_m144k_allow_dual_clocks" = "ON"
    Info (12134): Parameter "width_a" = "16"
    Info (12134): Parameter "width_b" = "1"
    Info (12134): Parameter "width_byteena_a" = "1"
    Info (12134): Parameter "width_byteena_b" = "1"
    Info (12134): Parameter "width_eccstatus" = "3"
    Info (12134): Parameter "widthad_a" = "11"
    Info (12134): Parameter "widthad_b" = "1"
    Info (12134): Parameter "wrcontrol_aclr_a" = "UNUSED"
    Info (12134): Parameter "wrcontrol_aclr_b" = "NONE"
    Info (12134): Parameter "wrcontrol_wraddress_reg_b" = "CLOCK1"
    Info (12134): Parameter "lpm_hint" = "ENABLE_RUNTIME_MOD=NO"
    Info (12134): Parameter "lpm_type" = "altsyncram"
Info (12021): Found 1 design units, including 1 entities, in source file db/altsyncram_lb24.tdf
    Info (12023): Found entity 1: altsyncram_lb24 File: C:/GIthub Repos/2031Lab7G3Project/db/altsyncram_lb24.tdf Line: 28
Info (12128): Elaborating entity "altsyncram_lb24" for hierarchy "SCOMP:inst|altsyncram:altsyncram_component|altsyncram_lb24:auto_generated" File: c:/intelfpga_lite/24.1std/quartus/libraries/megafunctions/altsyncram.tdf Line: 792
Info (12128): Elaborating entity "LPM_CLSHIFT" for hierarchy "SCOMP:inst|LPM_CLSHIFT:shifter" File: C:/GIthub Repos/2031Lab7G3Project/SCOMP.vhd Line: 90
Info (12130): Elaborated megafunction instantiation "SCOMP:inst|LPM_CLSHIFT:shifter" File: C:/GIthub Repos/2031Lab7G3Project/SCOMP.vhd Line: 90
Info (12133): Instantiated megafunction "SCOMP:inst|LPM_CLSHIFT:shifter" with the following parameter: File: C:/GIthub Repos/2031Lab7G3Project/SCOMP.vhd Line: 90
    Info (12134): Parameter "LPM_WIDTH" = "16"
    Info (12134): Parameter "LPM_WIDTHDIST" = "4"
    Info (12134): Parameter "LPM_SHIFTTYPE" = "arithmetic"
    Info (12134): Parameter "LPM_TYPE" = "LPM_CLSHIFT"
    Info (12134): Parameter "LPM_HINT" = "UNUSED"
Info (12128): Elaborating entity "LPM_BUSTRI" for hierarchy "SCOMP:inst|LPM_BUSTRI:io_bus" File: C:/GIthub Repos/2031Lab7G3Project/SCOMP.vhd Line: 114
Info (12130): Elaborated megafunction instantiation "SCOMP:inst|LPM_BUSTRI:io_bus" File: C:/GIthub Repos/2031Lab7G3Project/SCOMP.vhd Line: 114
Info (12133): Instantiated megafunction "SCOMP:inst|LPM_BUSTRI:io_bus" with the following parameter: File: C:/GIthub Repos/2031Lab7G3Project/SCOMP.vhd Line: 114
    Info (12134): Parameter "LPM_WIDTH" = "16"
    Info (12134): Parameter "LPM_TYPE" = "LPM_BUSTRI"
    Info (12134): Parameter "LPM_HINT" = "UNUSED"
Info (12128): Elaborating entity "TIMER" for hierarchy "TIMER:inst4"
Warning (10492): VHDL Process Statement warning at TIMER.vhd(48): signal "IO_WRITE" is read inside the Process Statement but isn't in the Process Statement's sensitivity list File: C:/GIthub Repos/2031Lab7G3Project/TIMER.vhd Line: 48
Info (12128): Elaborating entity "clk_div" for hierarchy "clk_div:inst5"
Info (12128): Elaborating entity "DIG_IN" for hierarchy "DIG_IN:inst7"
Error (10500): VHDL syntax error at math_peripheral.vhd(79) near text "0";  expecting "(", or an identifier, or "range" File: C:/GIthub Repos/2031Lab7G3Project/math_peripheral.vhd Line: 79
Error (10500): VHDL syntax error at math_peripheral.vhd(87) near text "0";  expecting "(", or an identifier, or "range" File: C:/GIthub Repos/2031Lab7G3Project/math_peripheral.vhd Line: 87
Error: Quartus Prime Analysis & Synthesis was unsuccessful. 2 errors, 1 warning
    Error: Peak virtual memory: 4894 megabytes
    Error: Processing ended: Fri Nov 14 10:52:38 2025
    Error: Elapsed time: 00:00:12
    Error: Total CPU time (on all processors): 00:00:29


